10:29:06.880 logback [restartedMain] INFO  com.goodidea.sso.App - Starting App on Kirk with PID 13140 (D:\HGJ\sso\target\classes started by Kirk in D:\HGJ\sso)
10:29:06.886 logback [restartedMain] INFO  com.goodidea.sso.App - No active profile set, falling back to default profiles: default
10:29:07.993 logback [background-preinit] INFO  o.h.validator.internal.util.Version - HV000001: Hibernate Validator 5.3.5.Final
10:29:08.442 logback [restartedMain] INFO  o.s.b.c.e.AnnotationConfigEmbeddedWebApplicationContext - Refreshing org.springframework.boot.context.embedded.AnnotationConfigEmbeddedWebApplicationContext@2f1641fd: startup date [Mon Nov 20 10:29:08 CST 2017]; root of context hierarchy
10:29:13.436 logback [restartedMain] INFO  o.s.d.r.c.RepositoryConfigurationDelegate - Multiple Spring Data modules found, entering strict repository configuration mode!
10:29:13.874 logback [restartedMain] INFO  o.s.d.r.c.RepositoryConfigurationDelegate - Multiple Spring Data modules found, entering strict repository configuration mode!
10:29:14.011 logback [restartedMain] INFO  o.s.d.r.c.RepositoryConfigurationExtensionSupport - Spring Data Redis - Could not safely identify store assignment for repository candidate interface com.goodidea.sso.dao.ResourceRepository.
10:29:14.012 logback [restartedMain] INFO  o.s.d.r.c.RepositoryConfigurationExtensionSupport - Spring Data Redis - Could not safely identify store assignment for repository candidate interface com.goodidea.sso.dao.SystemRepository.
10:29:14.013 logback [restartedMain] INFO  o.s.d.r.c.RepositoryConfigurationExtensionSupport - Spring Data Redis - Could not safely identify store assignment for repository candidate interface com.goodidea.sso.dao.BaseRepository.
10:29:14.014 logback [restartedMain] INFO  o.s.d.r.c.RepositoryConfigurationExtensionSupport - Spring Data Redis - Could not safely identify store assignment for repository candidate interface com.goodidea.sso.dao.UserRepository.
10:29:14.014 logback [restartedMain] INFO  o.s.d.r.c.RepositoryConfigurationExtensionSupport - Spring Data Redis - Could not safely identify store assignment for repository candidate interface com.goodidea.sso.dao.PrivilegesRepository.
10:29:14.015 logback [restartedMain] INFO  o.s.d.r.c.RepositoryConfigurationExtensionSupport - Spring Data Redis - Could not safely identify store assignment for repository candidate interface com.goodidea.sso.dao.RoleRepository.
10:29:14.016 logback [restartedMain] INFO  o.s.d.r.c.RepositoryConfigurationExtensionSupport - Spring Data Redis - Could not safely identify store assignment for repository candidate interface com.goodidea.sso.dao.UploadFileRepository.
10:29:14.017 logback [restartedMain] INFO  o.s.d.r.c.RepositoryConfigurationExtensionSupport - Spring Data Redis - Could not safely identify store assignment for repository candidate interface com.goodidea.sso.dao.SystemsLogRepository.
10:29:14.018 logback [restartedMain] INFO  o.s.d.r.c.RepositoryConfigurationExtensionSupport - Spring Data Redis - Could not safely identify store assignment for repository candidate interface com.goodidea.sso.dao.LogRepository.
10:29:14.018 logback [restartedMain] INFO  o.s.d.r.c.RepositoryConfigurationExtensionSupport - Spring Data Redis - Could not safely identify store assignment for repository candidate interface com.goodidea.sso.dao.MenuRepository.
10:29:14.019 logback [restartedMain] INFO  o.s.d.r.c.RepositoryConfigurationExtensionSupport - Spring Data Redis - Could not safely identify store assignment for repository candidate interface com.goodidea.sso.dao.DeptRepository.
10:29:18.974 logback [restartedMain] INFO  o.s.b.c.e.t.TomcatEmbeddedServletContainer - Tomcat initialized with port(s): 8088 (http)
10:29:19.021 logback [restartedMain] INFO  o.a.catalina.core.StandardService - Starting service [Tomcat]
10:29:19.023 logback [restartedMain] INFO  o.a.catalina.core.StandardEngine - Starting Servlet Engine: Apache Tomcat/8.5.16
10:29:19.241 logback [localhost-startStop-1] INFO  o.a.c.c.C.[Tomcat].[localhost].[/] - Initializing Spring embedded WebApplicationContext
10:29:19.241 logback [localhost-startStop-1] INFO  o.s.web.context.ContextLoader - Root WebApplicationContext: initialization completed in 10799 ms
10:29:22.398 logback [localhost-startStop-1] INFO  o.s.o.j.LocalContainerEntityManagerFactoryBean - Building JPA container EntityManagerFactory for persistence unit 'default'
10:29:22.473 logback [localhost-startStop-1] INFO  o.h.jpa.internal.util.LogHelper - HHH000204: Processing PersistenceUnitInfo [
	name: default
	...]
10:29:23.024 logback [localhost-startStop-1] INFO  org.hibernate.Version - HHH000412: Hibernate Core {5.0.12.Final}
10:29:23.028 logback [localhost-startStop-1] INFO  org.hibernate.cfg.Environment - HHH000206: hibernate.properties not found
10:29:23.037 logback [localhost-startStop-1] INFO  org.hibernate.cfg.Environment - HHH000021: Bytecode provider name : javassist
10:29:23.390 logback [localhost-startStop-1] INFO  o.h.annotations.common.Version - HCANN000001: Hibernate Commons Annotations {5.0.1.Final}
10:29:24.198 logback [localhost-startStop-1] INFO  c.alibaba.druid.pool.DruidDataSource - {dataSource-1} inited
10:29:24.643 logback [localhost-startStop-1] INFO  org.hibernate.dialect.Dialect - HHH000400: Using dialect: org.hibernate.dialect.MySQL5Dialect
10:29:25.254 logback [localhost-startStop-1] WARN  org.hibernate.id.UUIDHexGenerator - HHH000409: Using org.hibernate.id.UUIDHexGenerator which does not generate IETF RFC 4122 compliant UUID values; consider using org.hibernate.id.UUIDGenerator instead
10:29:26.209 logback [localhost-startStop-1] INFO  o.h.tool.hbm2ddl.SchemaUpdate - HHH000228: Running hbm2ddl schema update
10:29:26.828 logback [localhost-startStop-1] INFO  o.s.o.j.LocalContainerEntityManagerFactoryBean - Initialized JPA EntityManagerFactory for persistence unit 'default'
10:29:30.310 logback [localhost-startStop-1] INFO  o.s.b.w.s.FilterRegistrationBean - Mapping filter: 'characterEncodingFilter' to: [/*]
10:29:30.311 logback [localhost-startStop-1] INFO  o.s.b.w.s.FilterRegistrationBean - Mapping filter: 'hiddenHttpMethodFilter' to: [/*]
10:29:30.311 logback [localhost-startStop-1] INFO  o.s.b.w.s.FilterRegistrationBean - Mapping filter: 'httpPutFormContentFilter' to: [/*]
10:29:30.312 logback [localhost-startStop-1] INFO  o.s.b.w.s.FilterRegistrationBean - Mapping filter: 'requestContextFilter' to: [/*]
10:29:30.312 logback [localhost-startStop-1] INFO  o.s.b.w.s.FilterRegistrationBean - Mapping filter: 'logoutFilter' to urls: [/logout]
10:29:30.312 logback [localhost-startStop-1] INFO  o.s.b.w.s.FilterRegistrationBean - Mapping filter: 'singleSignOutFilter' to urls: [/logout]
10:29:30.313 logback [localhost-startStop-1] INFO  o.s.b.w.s.FilterRegistrationBean - Mapping filter: 'authenticationFilter' to urls: [/*]
10:29:30.313 logback [localhost-startStop-1] INFO  o.s.b.w.s.FilterRegistrationBean - Mapping filter: 'cas20ProxyReceivingTicketValidationFilter' to urls: [/*]
10:29:30.313 logback [localhost-startStop-1] INFO  o.s.b.w.s.FilterRegistrationBean - Mapping filter: 'httpServletRequestWrapperFilter' to urls: [/*]
10:29:30.313 logback [localhost-startStop-1] INFO  o.s.b.w.s.FilterRegistrationBean - Mapping filter: 'assertionThreadLocalFilter' to urls: [/*]
10:29:30.313 logback [localhost-startStop-1] INFO  o.s.b.w.s.FilterRegistrationBean - Mapping filter: 'delegatingFilterProxy' to urls: [/*]
10:29:30.313 logback [localhost-startStop-1] INFO  o.s.b.w.s.FilterRegistrationBean - Mapping filter: 'druidWebStatFilter' to urls: [/*]
10:29:30.314 logback [localhost-startStop-1] INFO  o.s.b.w.s.FilterRegistrationBean - Mapping filter: 'systemUrlFilter' to: [/*]
10:29:30.314 logback [localhost-startStop-1] INFO  o.s.b.w.s.ServletRegistrationBean - Mapping servlet: 'dispatcherServlet' to [/]
10:29:30.316 logback [localhost-startStop-1] INFO  o.s.b.w.s.ServletRegistrationBean - Mapping servlet: 'com.goodidea.sso.servlet.DruidStatViewServlet' to [/druid/*]
10:29:30.488 logback [localhost-startStop-1] INFO  o.j.c.c.session.SingleSignOutFilter - Property [artifactParameterName] not found.  Using default value [ticket]
10:29:30.489 logback [localhost-startStop-1] INFO  o.j.c.c.session.SingleSignOutFilter - Property [logoutParameterName] not found.  Using default value [logoutRequest]
10:29:30.489 logback [localhost-startStop-1] INFO  o.j.c.c.session.SingleSignOutFilter - Property [frontLogoutParameterName] not found.  Using default value [SAMLRequest]
10:29:30.489 logback [localhost-startStop-1] INFO  o.j.c.c.session.SingleSignOutFilter - Property [relayStateParameterName] not found.  Using default value [RelayState]
10:29:30.489 logback [localhost-startStop-1] INFO  o.j.c.c.session.SingleSignOutFilter - Property [casServerUrlPrefix] loaded from FilterConfig.getInitParameter with value [http://cas.goodIdea.com:8080/cas-server]
10:29:30.489 logback [localhost-startStop-1] INFO  o.j.c.c.session.SingleSignOutFilter - Property [artifactParameterOverPost] not found.  Using default value [false]
10:29:30.490 logback [localhost-startStop-1] INFO  o.j.c.c.session.SingleSignOutFilter - Property [eagerlyCreateSessions] not found.  Using default value [true]
10:29:30.491 logback [localhost-startStop-1] INFO  o.j.c.c.u.HttpServletRequestWrapperFilter - Property [roleAttribute] not found.  Using default value [null]
10:29:30.491 logback [localhost-startStop-1] INFO  o.j.c.c.u.HttpServletRequestWrapperFilter - Property [ignoreCase] not found.  Using default value [false]
10:29:30.508 logback [localhost-startStop-1] INFO  o.j.c.c.a.AuthenticationFilter - Property [serverName] loaded from FilterConfig.getInitParameter with value [http://sso.goodIdea.com:8088]
10:29:30.509 logback [localhost-startStop-1] INFO  o.j.c.c.a.AuthenticationFilter - Property [service] not found.  Using default value [null]
10:29:30.509 logback [localhost-startStop-1] INFO  o.j.c.c.a.AuthenticationFilter - Property [artifactParameterName] not found.  Using default value [ticket]
10:29:30.509 logback [localhost-startStop-1] INFO  o.j.c.c.a.AuthenticationFilter - Property [serviceParameterName] not found.  Using default value [service]
10:29:30.509 logback [localhost-startStop-1] INFO  o.j.c.c.a.AuthenticationFilter - Property [encodeServiceUrl] not found.  Using default value [true]
10:29:30.509 logback [localhost-startStop-1] INFO  o.j.c.c.a.AuthenticationFilter - Property [casServerLoginUrl] loaded from FilterConfig.getInitParameter with value [http://cas.goodIdea.com:8080/cas-server/login]
10:29:30.510 logback [localhost-startStop-1] INFO  o.j.c.c.a.AuthenticationFilter - Property [renew] not found.  Using default value [false]
10:29:30.510 logback [localhost-startStop-1] INFO  o.j.c.c.a.AuthenticationFilter - Property [gateway] not found.  Using default value [false]
10:29:30.510 logback [localhost-startStop-1] INFO  o.j.c.c.a.AuthenticationFilter - Property [ignorePattern] loaded from FilterConfig.getInitParameter with value [/js/*|/img/*|/css/*|/reg|/verifiUser|/defaultKaptcha|/privileges/getResources/*|/getRequestUrl]
10:29:30.510 logback [localhost-startStop-1] INFO  o.j.c.c.a.AuthenticationFilter - Property [ignoreUrlPatternType] not found.  Using default value [REGEX]
10:29:30.512 logback [localhost-startStop-1] INFO  o.j.c.c.a.AuthenticationFilter - Property [gatewayStorageClass] not found.  Using default value [null]
10:29:30.512 logback [localhost-startStop-1] INFO  o.j.c.c.a.AuthenticationFilter - Property [authenticationRedirectStrategyClass] not found.  Using default value [null]
10:29:30.513 logback [localhost-startStop-1] INFO  o.j.c.c.v.Cas20ProxyReceivingTicketValidationFilter - Property [serverName] loaded from FilterConfig.getInitParameter with value [http://sso.goodIdea.com:8088]
10:29:30.513 logback [localhost-startStop-1] INFO  o.j.c.c.v.Cas20ProxyReceivingTicketValidationFilter - Property [service] not found.  Using default value [null]
10:29:30.513 logback [localhost-startStop-1] INFO  o.j.c.c.v.Cas20ProxyReceivingTicketValidationFilter - Property [artifactParameterName] not found.  Using default value [ticket]
10:29:30.514 logback [localhost-startStop-1] INFO  o.j.c.c.v.Cas20ProxyReceivingTicketValidationFilter - Property [serviceParameterName] not found.  Using default value [service]
10:29:30.536 logback [localhost-startStop-1] INFO  o.j.c.c.v.Cas20ProxyReceivingTicketValidationFilter - Property [encodeServiceUrl] not found.  Using default value [true]
10:29:30.537 logback [localhost-startStop-1] INFO  o.j.c.c.v.Cas20ProxyReceivingTicketValidationFilter - Property [proxyReceptorUrl] not found.  Using default value [null]
10:29:30.537 logback [localhost-startStop-1] INFO  o.j.c.c.v.Cas20ProxyReceivingTicketValidationFilter - Property [proxyGrantingTicketStorageClass] not found.  Using default value [null]
10:29:30.537 logback [localhost-startStop-1] INFO  o.j.c.c.v.Cas20ProxyReceivingTicketValidationFilter - Property [millisBetweenCleanUps] not found.  Using default value [60000]
10:29:30.537 logback [localhost-startStop-1] INFO  o.j.c.c.v.Cas20ProxyReceivingTicketValidationFilter - Property [exceptionOnValidationFailure] not found.  Using default value [false]
10:29:30.537 logback [localhost-startStop-1] INFO  o.j.c.c.v.Cas20ProxyReceivingTicketValidationFilter - Property [redirectAfterValidation] not found.  Using default value [true]
10:29:30.538 logback [localhost-startStop-1] INFO  o.j.c.c.v.Cas20ProxyReceivingTicketValidationFilter - Property [useSession] not found.  Using default value [true]
10:29:30.539 logback [localhost-startStop-1] INFO  o.j.c.c.v.Cas20ProxyReceivingTicketValidationFilter - Property [acceptAnyProxy] not found.  Using default value [null]
10:29:30.539 logback [localhost-startStop-1] INFO  o.j.c.c.v.Cas20ProxyReceivingTicketValidationFilter - Property [allowedProxyChains] not found.  Using default value [null]
10:29:30.539 logback [localhost-startStop-1] INFO  o.j.c.c.v.Cas20ProxyReceivingTicketValidationFilter - Property [casServerUrlPrefix] loaded from FilterConfig.getInitParameter with value [http://cas.goodIdea.com:8080/cas-server]
10:29:30.539 logback [localhost-startStop-1] INFO  o.j.c.c.v.Cas20ProxyReceivingTicketValidationFilter - Property [ticketValidatorClass] not found.  Using default value [null]
10:29:30.543 logback [localhost-startStop-1] INFO  o.j.c.c.v.Cas20ProxyReceivingTicketValidationFilter - Property [proxyCallbackUrl] not found.  Using default value [null]
10:29:30.543 logback [localhost-startStop-1] INFO  o.j.c.c.v.Cas20ProxyReceivingTicketValidationFilter - Property [hostnameVerifier] not found.  Using default value [null]
10:29:30.543 logback [localhost-startStop-1] INFO  o.j.c.c.v.Cas20ProxyReceivingTicketValidationFilter - Property [hostnameVerifierConfig] not found.  Using default value [null]
10:29:30.544 logback [localhost-startStop-1] INFO  o.j.c.c.v.Cas20ProxyReceivingTicketValidationFilter - Property [sslConfigFile] not found.  Using default value [null]
10:29:30.544 logback [localhost-startStop-1] INFO  o.j.c.c.v.Cas20ProxyReceivingTicketValidationFilter - Property [encoding] not found.  Using default value [null]
10:29:30.544 logback [localhost-startStop-1] INFO  o.j.c.c.v.Cas20ProxyReceivingTicketValidationFilter - Property [renew] not found.  Using default value [false]
10:29:30.544 logback [localhost-startStop-1] INFO  o.j.c.c.v.Cas20ProxyReceivingTicketValidationFilter - Property [encoding] not found.  Using default value [null]
10:29:34.385 logback [restartedMain] INFO  o.s.w.s.m.m.a.RequestMappingHandlerAdapter - Looking for @ControllerAdvice: org.springframework.boot.context.embedded.AnnotationConfigEmbeddedWebApplicationContext@2f1641fd: startup date [Mon Nov 20 10:29:08 CST 2017]; root of context hierarchy
10:29:34.687 logback [restartedMain] INFO  o.s.w.s.m.m.a.RequestMappingHandlerMapping - Mapped "{[/getCertificate]}" onto public java.lang.String com.goodidea.sso.controller.CertificateController.getCertificate()
10:29:34.694 logback [restartedMain] INFO  o.s.w.s.m.m.a.RequestMappingHandlerMapping - Mapped "{[/dept/add],methods=[GET]}" onto public java.lang.String com.goodidea.sso.controller.DeptController.add(com.goodidea.sso.form.PrivilegesForm,org.springframework.ui.Model)
10:29:34.695 logback [restartedMain] INFO  o.s.w.s.m.m.a.RequestMappingHandlerMapping - Mapped "{[/dept/update],methods=[POST]}" onto public java.lang.String com.goodidea.sso.controller.DeptController.update(com.goodidea.sso.form.DeptForm)
10:29:34.696 logback [restartedMain] INFO  o.s.w.s.m.m.a.RequestMappingHandlerMapping - Mapped "{[/dept/delete]}" onto public com.goodidea.sso.core.JsonVo com.goodidea.sso.controller.DeptController.delete(com.goodidea.sso.form.DeptForm)
10:29:34.696 logback [restartedMain] INFO  o.s.w.s.m.m.a.RequestMappingHandlerMapping - Mapped "{[/dept/save],methods=[POST]}" onto public java.lang.String com.goodidea.sso.controller.DeptController.save(com.goodidea.sso.form.DeptForm)
10:29:34.697 logback [restartedMain] INFO  o.s.w.s.m.m.a.RequestMappingHandlerMapping - Mapped "{[/dept/getTree],methods=[POST]}" onto public com.goodidea.sso.core.JsonVo com.goodidea.sso.controller.DeptController.tree(com.goodidea.sso.form.DeptForm)
10:29:34.698 logback [restartedMain] INFO  o.s.w.s.m.m.a.RequestMappingHandlerMapping - Mapped "{[/dept/listShow],methods=[GET]}" onto public java.lang.String com.goodidea.sso.controller.DeptController.show(org.springframework.ui.Model,com.goodidea.sso.form.DeptForm)
10:29:34.698 logback [restartedMain] INFO  o.s.w.s.m.m.a.RequestMappingHandlerMapping - Mapped "{[/dept/list],methods=[POST]}" onto public com.goodidea.sso.core.JsonVo com.goodidea.sso.controller.DeptController.findPage(com.goodidea.sso.form.DeptForm,org.springframework.ui.Model)
10:29:34.699 logback [restartedMain] INFO  o.s.w.s.m.m.a.RequestMappingHandlerMapping - Mapped "{[/dept/edit],methods=[GET]}" onto public java.lang.String com.goodidea.sso.controller.DeptController.edit(org.springframework.ui.Model,java.lang.String,com.goodidea.sso.form.DeptForm,com.goodidea.sso.form.PrivilegesForm)
10:29:34.700 logback [restartedMain] INFO  o.s.w.s.m.m.a.RequestMappingHandlerMapping - Mapped "{[/home]}" onto public java.lang.String com.goodidea.sso.controller.IndexController.main(org.springframework.ui.Model,javax.servlet.http.HttpServletRequest)
10:29:34.702 logback [restartedMain] INFO  o.s.w.s.m.m.a.RequestMappingHandlerMapping - Mapped "{[/log/list],methods=[GET]}" onto public java.lang.String com.goodidea.sso.controller.LogController.findPage(com.goodidea.sso.form.LogForm,org.springframework.ui.Model,javax.servlet.http.HttpServletRequest,javax.servlet.http.HttpServletResponse)
10:29:34.703 logback [restartedMain] INFO  o.s.w.s.m.m.a.RequestMappingHandlerMapping - Mapped "{[/logout]}" onto public java.lang.String com.goodidea.sso.controller.LogoutController.logout(javax.servlet.http.HttpSession,javax.servlet.http.HttpServletRequest,javax.servlet.http.HttpServletResponse,org.springframework.ui.Model)
10:29:34.712 logback [restartedMain] INFO  o.s.w.s.m.m.a.RequestMappingHandlerMapping - Mapped "{[/menu/add],methods=[GET]}" onto public java.lang.String com.goodidea.sso.controller.MenuController.add(com.goodidea.sso.form.PrivilegesForm,com.goodidea.sso.form.SystemsForm,org.springframework.ui.Model)
10:29:34.713 logback [restartedMain] INFO  o.s.w.s.m.m.a.RequestMappingHandlerMapping - Mapped "{[/menu/update],methods=[POST]}" onto public java.lang.String com.goodidea.sso.controller.MenuController.update(com.goodidea.sso.form.MenuForm)
10:29:34.714 logback [restartedMain] INFO  o.s.w.s.m.m.a.RequestMappingHandlerMapping - Mapped "{[/menu/delete]}" onto public com.goodidea.sso.core.JsonVo com.goodidea.sso.controller.MenuController.delete(com.goodidea.sso.form.MenuForm)
10:29:34.714 logback [restartedMain] INFO  o.s.w.s.m.m.a.RequestMappingHandlerMapping - Mapped "{[/menu/save],methods=[POST]}" onto public java.lang.String com.goodidea.sso.controller.MenuController.save(com.goodidea.sso.form.MenuForm)
10:29:34.715 logback [restartedMain] INFO  o.s.w.s.m.m.a.RequestMappingHandlerMapping - Mapped "{[/menu/checkAlias]}" onto public com.goodidea.sso.core.JsonVo com.goodidea.sso.controller.MenuController.tree(java.lang.String)
10:29:34.715 logback [restartedMain] INFO  o.s.w.s.m.m.a.RequestMappingHandlerMapping - Mapped "{[/menu/getTree],methods=[POST]}" onto public com.goodidea.sso.core.JsonVo com.goodidea.sso.controller.MenuController.tree(com.goodidea.sso.form.MenuForm)
10:29:34.716 logback [restartedMain] INFO  o.s.w.s.m.m.a.RequestMappingHandlerMapping - Mapped "{[/menu/listShow],methods=[GET]}" onto public java.lang.String com.goodidea.sso.controller.MenuController.show(org.springframework.ui.Model)
10:29:34.717 logback [restartedMain] INFO  o.s.w.s.m.m.a.RequestMappingHandlerMapping - Mapped "{[/menu/list],methods=[POST]}" onto public com.goodidea.sso.core.JsonVo com.goodidea.sso.controller.MenuController.findPage(com.goodidea.sso.form.MenuForm,org.springframework.ui.Model)
10:29:34.718 logback [restartedMain] INFO  o.s.w.s.m.m.a.RequestMappingHandlerMapping - Mapped "{[/menu/edit],methods=[GET]}" onto public java.lang.String com.goodidea.sso.controller.MenuController.edit(org.springframework.ui.Model,java.lang.String,com.goodidea.sso.form.MenuForm,com.goodidea.sso.form.SystemsForm,com.goodidea.sso.form.PrivilegesForm)
10:29:34.721 logback [restartedMain] INFO  o.s.w.s.m.m.a.RequestMappingHandlerMapping - Mapped "{[/privileges/add],methods=[GET]}" onto public java.lang.String com.goodidea.sso.controller.PrivilegesController.add()
10:29:34.722 logback [restartedMain] INFO  o.s.w.s.m.m.a.RequestMappingHandlerMapping - Mapped "{[/privileges/update],methods=[POST]}" onto public java.lang.String com.goodidea.sso.controller.PrivilegesController.update(com.goodidea.sso.form.PrivilegesForm)
10:29:34.723 logback [restartedMain] INFO  o.s.w.s.m.m.a.RequestMappingHandlerMapping - Mapped "{[/privileges/delete]}" onto public com.goodidea.sso.core.JsonVo com.goodidea.sso.controller.PrivilegesController.delete(com.goodidea.sso.form.PrivilegesForm)
10:29:34.723 logback [restartedMain] INFO  o.s.w.s.m.m.a.RequestMappingHandlerMapping - Mapped "{[/privileges/save],methods=[POST]}" onto public java.lang.String com.goodidea.sso.controller.PrivilegesController.save(com.goodidea.sso.domin.Privileges)
10:29:34.724 logback [restartedMain] INFO  o.s.w.s.m.m.a.RequestMappingHandlerMapping - Mapped "{[/privileges/checkAlias]}" onto public com.goodidea.sso.core.JsonVo com.goodidea.sso.controller.PrivilegesController.tree(java.lang.String)
10:29:34.725 logback [restartedMain] INFO  o.s.w.s.m.m.a.RequestMappingHandlerMapping - Mapped "{[/privileges/list],methods=[GET]}" onto public java.lang.String com.goodidea.sso.controller.PrivilegesController.findPage(com.goodidea.sso.form.PrivilegesForm,org.springframework.ui.Model)
10:29:34.725 logback [restartedMain] INFO  o.s.w.s.m.m.a.RequestMappingHandlerMapping - Mapped "{[/privileges/edit],methods=[GET]}" onto public java.lang.String com.goodidea.sso.controller.PrivilegesController.edit(org.springframework.ui.Model,java.lang.String)
10:29:34.726 logback [restartedMain] INFO  o.s.w.s.m.m.a.RequestMappingHandlerMapping - Mapped "{[/privileges/getPrivileges/{code}/{username}]}" onto public com.goodidea.sso.core.JsonVo com.goodidea.sso.controller.PrivilegesController.getPrivilges(java.lang.String,java.lang.String)
10:29:34.726 logback [restartedMain] INFO  o.s.w.s.m.m.a.RequestMappingHandlerMapping - Mapped "{[/privileges/getResources/{username}]}" onto public java.util.Map<java.lang.String, java.lang.Object> com.goodidea.sso.controller.PrivilegesController.getResourcesByUserName(java.lang.String)
10:29:34.728 logback [restartedMain] INFO  o.s.w.s.m.m.a.RequestMappingHandlerMapping - Mapped "{[/registerUser],methods=[POST]}" onto public com.goodidea.sso.core.JsonVo com.goodidea.sso.controller.RegisterController.register(javax.servlet.http.HttpServletRequest,javax.servlet.http.HttpServletResponse,com.goodidea.sso.form.UserForm)
10:29:34.729 logback [restartedMain] INFO  o.s.w.s.m.m.a.RequestMappingHandlerMapping - Mapped "{[/reg],methods=[GET]}" onto public java.lang.String com.goodidea.sso.controller.RegisterController.reg()
10:29:34.729 logback [restartedMain] INFO  o.s.w.s.m.m.a.RequestMappingHandlerMapping - Mapped "{[/defaultKaptcha]}" onto public void com.goodidea.sso.controller.RegisterController.defaultKaptcha(javax.servlet.http.HttpServletRequest,javax.servlet.http.HttpServletResponse) throws java.lang.Exception
10:29:34.730 logback [restartedMain] INFO  o.s.w.s.m.m.a.RequestMappingHandlerMapping - Mapped "{[/verifiUser]}" onto public com.goodidea.sso.core.JsonVo com.goodidea.sso.controller.RegisterController.verifiUser(java.lang.String)
10:29:34.733 logback [restartedMain] INFO  o.s.w.s.m.m.a.RequestMappingHandlerMapping - Mapped "{[/resource/add],methods=[GET]}" onto public java.lang.String com.goodidea.sso.controller.ResourceController.add(com.goodidea.sso.form.PrivilegesForm,org.springframework.ui.Model)
10:29:34.734 logback [restartedMain] INFO  o.s.w.s.m.m.a.RequestMappingHandlerMapping - Mapped "{[/resource/update],methods=[POST]}" onto public java.lang.String com.goodidea.sso.controller.ResourceController.update(com.goodidea.sso.form.ResourceForm)
10:29:34.735 logback [restartedMain] INFO  o.s.w.s.m.m.a.RequestMappingHandlerMapping - Mapped "{[/resource/delete]}" onto public com.goodidea.sso.core.JsonVo com.goodidea.sso.controller.ResourceController.delete(com.goodidea.sso.form.ResourceForm)
10:29:34.736 logback [restartedMain] INFO  o.s.w.s.m.m.a.RequestMappingHandlerMapping - Mapped "{[/resource/save],methods=[POST]}" onto public java.lang.String com.goodidea.sso.controller.ResourceController.save(com.goodidea.sso.form.ResourceForm)
10:29:34.736 logback [restartedMain] INFO  o.s.w.s.m.m.a.RequestMappingHandlerMapping - Mapped "{[/resource/getTree],methods=[POST]}" onto public com.goodidea.sso.core.JsonVo com.goodidea.sso.controller.ResourceController.tree(com.goodidea.sso.form.ResourceForm)
10:29:34.737 logback [restartedMain] INFO  o.s.w.s.m.m.a.RequestMappingHandlerMapping - Mapped "{[/resource/listShow],methods=[GET]}" onto public java.lang.String com.goodidea.sso.controller.ResourceController.show(org.springframework.ui.Model)
10:29:34.737 logback [restartedMain] INFO  o.s.w.s.m.m.a.RequestMappingHandlerMapping - Mapped "{[/resource/list],methods=[POST]}" onto public com.goodidea.sso.core.JsonVo com.goodidea.sso.controller.ResourceController.findPage(com.goodidea.sso.form.ResourceForm,org.springframework.ui.Model)
10:29:34.738 logback [restartedMain] INFO  o.s.w.s.m.m.a.RequestMappingHandlerMapping - Mapped "{[/resource/edit],methods=[GET]}" onto public java.lang.String com.goodidea.sso.controller.ResourceController.edit(org.springframework.ui.Model,java.lang.String,com.goodidea.sso.form.ResourceForm,com.goodidea.sso.form.PrivilegesForm)
10:29:34.743 logback [restartedMain] INFO  o.s.w.s.m.m.a.RequestMappingHandlerMapping - Mapped "{[/role/add],methods=[GET]}" onto public java.lang.String com.goodidea.sso.controller.RoleController.add(org.springframework.ui.Model,com.goodidea.sso.form.ResourceForm)
10:29:34.744 logback [restartedMain] INFO  o.s.w.s.m.m.a.RequestMappingHandlerMapping - Mapped "{[/role/update],methods=[POST]}" onto public java.lang.String com.goodidea.sso.controller.RoleController.update(com.goodidea.sso.form.RoleForm)
10:29:34.744 logback [restartedMain] INFO  o.s.w.s.m.m.a.RequestMappingHandlerMapping - Mapped "{[/role/delete]}" onto public com.goodidea.sso.core.JsonVo com.goodidea.sso.controller.RoleController.delete(com.goodidea.sso.form.RoleForm)
10:29:34.746 logback [restartedMain] INFO  o.s.w.s.m.m.a.RequestMappingHandlerMapping - Mapped "{[/role/save],methods=[POST]}" onto public java.lang.String com.goodidea.sso.controller.RoleController.save(com.goodidea.sso.form.RoleForm)
10:29:34.747 logback [restartedMain] INFO  o.s.w.s.m.m.a.RequestMappingHandlerMapping - Mapped "{[/role/list],methods=[GET]}" onto public java.lang.String com.goodidea.sso.controller.RoleController.findPage(com.goodidea.sso.form.RoleForm,org.springframework.ui.Model)
10:29:34.748 logback [restartedMain] INFO  o.s.w.s.m.m.a.RequestMappingHandlerMapping - Mapped "{[/role/edit],methods=[GET]}" onto public java.lang.String com.goodidea.sso.controller.RoleController.edit(org.springframework.ui.Model,java.lang.String,com.goodidea.sso.form.ResourceForm)
10:29:34.749 logback [restartedMain] INFO  o.s.w.s.m.m.a.RequestMappingHandlerMapping - Mapped "{[/role/bingingPrivilege],methods=[POST]}" onto public com.goodidea.sso.core.JsonVo com.goodidea.sso.controller.RoleController.bingingPrivilege(javax.servlet.http.HttpServletRequest,java.lang.String,java.lang.String...)
10:29:34.749 logback [restartedMain] INFO  o.s.w.s.m.m.a.RequestMappingHandlerMapping - Mapped "{[/role/getPrivilegeByRoleId],methods=[POST]}" onto public com.goodidea.sso.core.JsonVo com.goodidea.sso.controller.RoleController.getPrivilege(java.lang.String)
10:29:34.750 logback [restartedMain] INFO  o.s.w.s.m.m.a.RequestMappingHandlerMapping - Mapped "{[/role/bind],methods=[GET]}" onto public java.lang.String com.goodidea.sso.controller.RoleController.bindPrivilege(com.goodidea.sso.form.RoleForm,org.springframework.ui.Model)
10:29:34.752 logback [restartedMain] INFO  o.s.w.s.m.m.a.RequestMappingHandlerMapping - Mapped "{[/setting/update],methods=[POST]}" onto public java.lang.String com.goodidea.sso.controller.SettingController.update(com.goodidea.sso.domin.Setting,org.springframework.web.multipart.MultipartFile,org.springframework.web.servlet.mvc.support.RedirectAttributes)
10:29:34.753 logback [restartedMain] INFO  o.s.w.s.m.m.a.RequestMappingHandlerMapping - Mapped "{[/setting/edit],methods=[GET]}" onto public java.lang.String com.goodidea.sso.controller.SettingController.edit(org.springframework.ui.ModelMap)
10:29:34.756 logback [restartedMain] INFO  o.s.w.s.m.m.a.RequestMappingHandlerMapping - Mapped "{[/systems/add],methods=[GET]}" onto public java.lang.String com.goodidea.sso.controller.SystemsController.add(org.springframework.ui.Model,com.goodidea.sso.form.MenuForm)
10:29:34.757 logback [restartedMain] INFO  o.s.w.s.m.m.a.RequestMappingHandlerMapping - Mapped "{[/systems/update],methods=[POST]}" onto public java.lang.String com.goodidea.sso.controller.SystemsController.update(com.goodidea.sso.form.SystemsForm)
10:29:34.757 logback [restartedMain] INFO  o.s.w.s.m.m.a.RequestMappingHandlerMapping - Mapped "{[/systems/delete]}" onto public com.goodidea.sso.core.JsonVo com.goodidea.sso.controller.SystemsController.delete(com.goodidea.sso.form.SystemsForm)
10:29:34.758 logback [restartedMain] INFO  o.s.w.s.m.m.a.RequestMappingHandlerMapping - Mapped "{[/systems/save],methods=[POST]}" onto public java.lang.String com.goodidea.sso.controller.SystemsController.save(com.goodidea.sso.form.SystemsForm)
10:29:34.759 logback [restartedMain] INFO  o.s.w.s.m.m.a.RequestMappingHandlerMapping - Mapped "{[/systems/list],methods=[GET]}" onto public java.lang.String com.goodidea.sso.controller.SystemsController.findPage(com.goodidea.sso.form.SystemsForm,org.springframework.ui.Model)
10:29:34.759 logback [restartedMain] INFO  o.s.w.s.m.m.a.RequestMappingHandlerMapping - Mapped "{[/systems/edit],methods=[GET]}" onto public java.lang.String com.goodidea.sso.controller.SystemsController.edit(org.springframework.ui.Model,java.lang.String,com.goodidea.sso.form.MenuForm)
10:29:34.760 logback [restartedMain] INFO  o.s.w.s.m.m.a.RequestMappingHandlerMapping - Mapped "{[/systems/verifiCode]}" onto public com.goodidea.sso.core.JsonVo com.goodidea.sso.controller.SystemsController.verifiCode(java.lang.String)
10:29:34.761 logback [restartedMain] INFO  o.s.w.s.m.m.a.RequestMappingHandlerMapping - Mapped "{[/systemslog/list],methods=[GET]}" onto public java.lang.String com.goodidea.sso.controller.SystemsLogController.findPage(com.goodidea.sso.form.LogForm,org.springframework.ui.Model,javax.servlet.http.HttpServletRequest,javax.servlet.http.HttpServletResponse)
10:29:34.762 logback [restartedMain] INFO  o.s.w.s.m.m.a.RequestMappingHandlerMapping - Mapped "{[/file/upload],methods=[POST]}" onto public com.goodidea.sso.core.JsonVo com.goodidea.sso.controller.UploadFileController.upload(java.lang.String,org.springframework.web.multipart.MultipartFile)
10:29:34.765 logback [restartedMain] INFO  o.s.w.s.m.m.a.RequestMappingHandlerMapping - Mapped "{[/user/add]}" onto public java.lang.String com.goodidea.sso.controller.UserController.add(org.springframework.ui.Model,com.goodidea.sso.form.RoleForm)
10:29:34.765 logback [restartedMain] INFO  o.s.w.s.m.m.a.RequestMappingHandlerMapping - Mapped "{[/user/update],methods=[POST]}" onto public java.lang.String com.goodidea.sso.controller.UserController.update(com.goodidea.sso.form.UserForm)
10:29:34.766 logback [restartedMain] INFO  o.s.w.s.m.m.a.RequestMappingHandlerMapping - Mapped "{[/user/save],methods=[POST]}" onto public java.lang.String com.goodidea.sso.controller.UserController.save(com.goodidea.sso.form.UserForm)
10:29:34.767 logback [restartedMain] INFO  o.s.w.s.m.m.a.RequestMappingHandlerMapping - Mapped "{[/user/list],methods=[GET]}" onto public java.lang.String com.goodidea.sso.controller.UserController.findPage(com.goodidea.sso.form.UserForm,org.springframework.ui.Model,javax.servlet.http.HttpServletRequest,javax.servlet.http.HttpServletResponse)
10:29:34.768 logback [restartedMain] INFO  o.s.w.s.m.m.a.RequestMappingHandlerMapping - Mapped "{[/user/edit]}" onto public java.lang.String com.goodidea.sso.controller.UserController.edit(java.lang.String,org.springframework.ui.Model,com.goodidea.sso.form.RoleForm,com.goodidea.sso.form.SystemsForm)
10:29:34.768 logback [restartedMain] INFO  o.s.w.s.m.m.a.RequestMappingHandlerMapping - Mapped "{[/user/jssdk],methods=[GET]}" onto public java.lang.String com.goodidea.sso.controller.UserController.jsdk(com.goodidea.sso.form.UserForm,org.springframework.ui.Model,javax.servlet.http.HttpServletRequest,javax.servlet.http.HttpServletResponse)
10:29:34.769 logback [restartedMain] INFO  o.s.w.s.m.m.a.RequestMappingHandlerMapping - Mapped "{[/user/getRequestUrl/{username}],methods=[GET]}" onto public com.goodidea.sso.core.JsonVo com.goodidea.sso.controller.UserController.getRequestUrl(java.lang.String)
10:29:34.770 logback [restartedMain] INFO  o.s.w.s.m.m.a.RequestMappingHandlerMapping - Mapped "{[/user/delete],methods=[GET]}" onto public com.goodidea.sso.core.JsonVo com.goodidea.sso.controller.UserController.deleteUser(java.lang.String)
10:29:34.774 logback [restartedMain] INFO  o.s.w.s.m.m.a.RequestMappingHandlerMapping - Mapped "{[/error]}" onto public org.springframework.http.ResponseEntity<java.util.Map<java.lang.String, java.lang.Object>> org.springframework.boot.autoconfigure.web.BasicErrorController.error(javax.servlet.http.HttpServletRequest)
10:29:34.775 logback [restartedMain] INFO  o.s.w.s.m.m.a.RequestMappingHandlerMapping - Mapped "{[/error],produces=[text/html]}" onto public org.springframework.web.servlet.ModelAndView org.springframework.boot.autoconfigure.web.BasicErrorController.errorHtml(javax.servlet.http.HttpServletRequest,javax.servlet.http.HttpServletResponse)
10:29:35.033 logback [restartedMain] INFO  o.s.w.s.h.SimpleUrlHandlerMapping - Mapped URL path [/webjars/**] onto handler of type [class org.springframework.web.servlet.resource.ResourceHttpRequestHandler]
10:29:35.034 logback [restartedMain] INFO  o.s.w.s.h.SimpleUrlHandlerMapping - Mapped URL path [/**] onto handler of type [class org.springframework.web.servlet.resource.ResourceHttpRequestHandler]
10:29:35.230 logback [restartedMain] INFO  o.s.w.s.h.SimpleUrlHandlerMapping - Mapped URL path [/**/favicon.ico] onto handler of type [class org.springframework.web.servlet.resource.ResourceHttpRequestHandler]
10:29:38.008 logback [restartedMain] INFO  o.s.w.s.v.f.FreeMarkerConfigurer - ClassTemplateLoader for Spring macros added to FreeMarker configuration
10:29:39.241 logback [restartedMain] INFO  o.s.b.d.a.OptionalLiveReloadServer - LiveReload server is running on port 35729
10:29:39.262 logback [restartedMain] WARN  o.s.b.s.r.RedisStarterDeprecationWarningAutoConfiguration - spring-boot-starter-redis is deprecated as of Spring Boot 1.4, please migrate to spring-boot-starter-data-redis
10:29:39.638 logback [restartedMain] INFO  o.s.j.e.a.AnnotationMBeanExporter - Registering beans for JMX exposure on startup
10:29:39.642 logback [restartedMain] INFO  o.s.j.e.a.AnnotationMBeanExporter - Bean with name 'dataSource' has been autodetected for JMX exposure
10:29:39.650 logback [restartedMain] INFO  o.s.j.e.a.AnnotationMBeanExporter - Located MBean 'dataSource': registering with JMX server as MBean [com.alibaba.druid.pool:name=dataSource,type=DruidDataSource]
10:29:39.693 logback [restartedMain] INFO  o.a.coyote.http11.Http11NioProtocol - Initializing ProtocolHandler ["http-nio-8088"]
10:29:39.743 logback [restartedMain] INFO  o.a.coyote.http11.Http11NioProtocol - Starting ProtocolHandler ["http-nio-8088"]
10:29:39.759 logback [restartedMain] INFO  o.a.tomcat.util.net.NioSelectorPool - Using a shared selector for servlet write/read
10:29:39.823 logback [restartedMain] INFO  o.s.b.c.e.t.TomcatEmbeddedServletContainer - Tomcat started on port(s): 8088 (http)
10:29:39.845 logback [restartedMain] INFO  com.goodidea.sso.App - Started App in 34.943 seconds (JVM running for 36.682)
10:30:46.325 logback [http-nio-8088-exec-2] INFO  o.a.c.c.C.[Tomcat].[localhost].[/] - Initializing Spring FrameworkServlet 'dispatcherServlet'
10:30:46.325 logback [http-nio-8088-exec-2] INFO  o.s.web.servlet.DispatcherServlet - FrameworkServlet 'dispatcherServlet': initialization started
10:30:46.398 logback [http-nio-8088-exec-2] INFO  o.s.web.servlet.DispatcherServlet - FrameworkServlet 'dispatcherServlet': initialization completed in 73 ms
10:47:01.761 logback [http-nio-8088-exec-9] INFO  o.h.h.i.QueryTranslatorFactoryInitiator - HHH000397: Using ASTQueryTranslatorFactory
10:47:40.403 logback [http-nio-8088-exec-7] INFO  c.goodidea.sso.interceptor.LogAspect - getIpAddress(HttpServletRequest) - X-Forwarded-For - String ip=null
10:47:40.426 logback [http-nio-8088-exec-7] INFO  c.goodidea.sso.interceptor.LogAspect - getIpAddress(HttpServletRequest) - Proxy-Client-IP - String ip=null
10:47:40.426 logback [http-nio-8088-exec-7] INFO  c.goodidea.sso.interceptor.LogAspect - getIpAddress(HttpServletRequest) - WL-Proxy-Client-IP - String ip=null
10:47:40.426 logback [http-nio-8088-exec-7] INFO  c.goodidea.sso.interceptor.LogAspect - getIpAddress(HttpServletRequest) - HTTP_CLIENT_IP - String ip=null
10:47:40.426 logback [http-nio-8088-exec-7] INFO  c.goodidea.sso.interceptor.LogAspect - getIpAddress(HttpServletRequest) - HTTP_X_FORWARDED_FOR - String ip=null
10:47:40.426 logback [http-nio-8088-exec-7] INFO  c.goodidea.sso.interceptor.LogAspect - getIpAddress(HttpServletRequest) - getRemoteAddr - String ip=127.0.0.1
10:47:40.769 logback [http-nio-8088-exec-7] WARN  freemarker.jsp - Custom EL functions won't be loaded because no ObjectWrapper was specified for the TaglibFactory (via TaglibFactory.setObjectWrapper(...), exists since 2.3.22).
10:47:44.364 logback [http-nio-8088-exec-9] INFO  c.goodidea.sso.interceptor.LogAspect - getIpAddress(HttpServletRequest) - X-Forwarded-For - String ip=null
10:47:44.364 logback [http-nio-8088-exec-9] INFO  c.goodidea.sso.interceptor.LogAspect - getIpAddress(HttpServletRequest) - Proxy-Client-IP - String ip=null
10:47:44.364 logback [http-nio-8088-exec-9] INFO  c.goodidea.sso.interceptor.LogAspect - getIpAddress(HttpServletRequest) - WL-Proxy-Client-IP - String ip=null
10:47:44.364 logback [http-nio-8088-exec-9] INFO  c.goodidea.sso.interceptor.LogAspect - getIpAddress(HttpServletRequest) - HTTP_CLIENT_IP - String ip=null
10:47:44.364 logback [http-nio-8088-exec-9] INFO  c.goodidea.sso.interceptor.LogAspect - getIpAddress(HttpServletRequest) - HTTP_X_FORWARDED_FOR - String ip=null
10:47:44.364 logback [http-nio-8088-exec-9] INFO  c.goodidea.sso.interceptor.LogAspect - getIpAddress(HttpServletRequest) - getRemoteAddr - String ip=127.0.0.1
